2026-06-17 17:09:41 info: Congratulations, your extension "Embold" is now active!
2026-06-17 17:09:41 info: ************* init ****************
2026-06-17 17:09:41 info: tempDirectory : /Users/anurag/.vscode/extensions/embold-vscode.embold-0.3.8/temp
2026-06-17 17:09:42 info: Extraction complete for source: /Users/anurag/.vscode/extensions/embold-vscode.embold-0.3.8/resources/embold-scanner-archive.zip, destination: /Users/anurag/.vscode/extensions/embold-vscode.embold-0.3.8/temp
2026-06-17 17:09:42 info: Extension installed on machine OS : darwin
2026-06-17 17:09:42 info: Loading issues from local database on startup (checkbox unchecked)
2026-06-17 17:09:42 info: Using emboldDBDir: /Users/anurag/Desktop/reshami-pallu-crm/.embold
2026-06-17 17:09:42 info: NO_PROXY set from VS Code http.noProxy: 
2026-06-17 17:09:42 info: NODE_TLS_REJECT_UNAUTHORIZED not set (SSL verification enabled)
2026-06-17 17:09:42 info: Using system certificates for SSL verification
2026-06-17 17:09:42 info: [STARTUP] Processing 0 total issues from database
2026-06-17 17:09:42 info: [STARTUP] Issues sorted by file path
2026-06-17 17:09:42 info: [STARTUP] Complete - Processed: 0, Skipped: 0
2026-06-17 17:09:42 info: Fetched the issues from DB
2026-06-17 17:09:42 info: Embold extension version response:{"hasSupport":false,"version":"0.2.1","changeNotes":"<div> <p>Release Date: 30 Apr, 2025 <br><span>Bug fixes and improvements.</span></p> </div>"}
2026-06-17 17:09:42 info: Current installed embold extension version : 0.3.8
2026-06-17 17:09:42 info: Latest embold extension version on marketplace : 0.2.1
2026-06-17 17:09:42 info: Current extension version: 0.3.8
2026-06-17 17:09:42 info: Stored extension version: 0.3.8
2026-06-17 17:09:42 info: No new installation or upgrade detected. Skipping plugin activation tracking.
2026-06-17 17:09:43 info: Java version installed on machine : 
java version "1.8.0_491"
Java(TM) SE Runtime Environment (build 1.8.0_491-b10)
Java HotSpot(TM) 64-Bit Server VM (build 25.491-b10, mixed mode)

2026-06-17 17:09:43 info: Java installed on machine.
